[Pass 1 time: 0.01 sec     dicttok]
[Pass 2 time: 0 sec     KBFuncs]
[Pass 3 time: 0 sec     kbinit]
[Pass 4 time: 0 sec     funcs]
[Pass 5 time: 0.01 sec     Lines]
[Pass 6 time: 0.016 sec     email1]
[Pass 7 time: 0.017 sec     email11]
[Pass 8 time: 0.04 sec     email12]
[Pass 9 time: 0.017 sec     email2]
[Pass 10 time: 0.01 sec     email3]
[Pass 11 time: 0.009 sec     email4]
[Pass 12 time: 0.009 sec     email5]
[Pass 13 time: 0.035 sec     email6]
[Pass 14 time: 0.022 sec     email7]
[Pass 15 time: 0.012 sec     kbdisp01]
[Pass 16 time: 0.025 sec     output]
[Input file: e:\Parse_Address\emailaddress\input\text.txt]
[Total passes: 16]
[Total time: 0.233 sec]
[Time per 1000 chars (0.233/1472): 0.158288 sec]
[Time per pass per 1000 chars: 0.009893]
infile  passes tottime length tot/1000 tot/pass/1000
e:\Parse_Address\emailaddress\input\text.txt	16	0.233	1472	0.158288	0.009893
[Clean time: 0.002 sec]
