[Pass 1 time: 0.037 sec     dicttok]
[Pass 2 time: 0 sec     KBFuncs]
[Pass 3 time: 0.001 sec     funcs]
[Pass 4 time: 0 sec     kbinit]
[Pass 5 time: 0.01 sec     Lines]
[Pass 6 time: 0.009 sec     removeblankline]
[Pass 7 time: 0.011 sec     Links]
[Pass 8 time: 0.009 sec     Link1]
[Pass 9 time: 0.011 sec     Link2]
[Pass 10 time: 0.01 sec     Link3]
[Pass 11 time: 0.01 sec     Link4]
[Pass 12 time: 0.011 sec     Link5]
[Pass 13 time: 0.01 sec     Link6]
[Pass 14 time: 0.016 sec     Link7]
[Pass 15 time: 0.014 sec     Link8]
[Pass 16 time: 0.012 sec     output]
[Input file: e:\Parse_Address\links\input\text.txt]
[Total passes: 16]
[Total time: 0.171 sec]
[Time per 1000 chars (0.171/1792): 0.0954241 sec]
[Time per pass per 1000 chars: 0.00596401]
infile  passes tottime length tot/1000 tot/pass/1000
e:\Parse_Address\links\input\text.txt	16	0.171	1792	0.0954241	0.00596401
[Clean time: 0.001 sec]
