[Pass 1 time: 0.017 sec     dicttok]
[Pass 2 time: 0.001 sec     KBFuncs]
[Pass 3 time: 0 sec     funcs]
[Pass 4 time: 0.001 sec     kbinit]
[Pass 5 time: 0.016 sec     Lines]
[Pass 6 time: 0.048 sec     RemoveWhiteSpace]
[Pass 7 time: 0.022 sec     pincode]
[Pass 8 time: 0.014 sec     RemoveSpecialChars]
[Pass 9 time: 0.01 sec     PrecedingWords]
[Pass 10 time: 0.01 sec     removelines]
[Pass 11 time: 0.006 sec     Grouping]
[Pass 12 time: 0.015 sec     information1]
[Pass 13 time: 0.014 sec     information2]
[Pass 14 time: 0.009 sec     information3]
[Pass 15 time: 0.007 sec     countryname]
[Pass 16 time: 0.018 sec     kbmake]
[Pass 17 time: 0.032 sec     kbdisp01]
[Pass 18 time: 0.023 sec     output]
[Input file: e:\Parse_Address\Address_parser\address_parser\input\text.txt]
[Total passes: 18]
[Total time: 0.266 sec]
[Time per 1000 chars (0.266/1056): 0.251894 sec]
[Time per pass per 1000 chars: 0.0139941]
infile  passes tottime length tot/1000 tot/pass/1000
e:\Parse_Address\Address_parser\address_parser\input\text.txt	18	0.266	1056	0.251894	0.0139941
[Clean time: 0.004 sec]
