[Pass 1 time: 0.009 sec     dicttok]
[Pass 2 time: 0 sec     KBFuncs]
[Pass 3 time: 0 sec     funcs]
[Pass 4 time: 0.001 sec     kbinit]
[Pass 5 time: 0.013 sec     Lines]
[Pass 6 time: 0.013 sec     RemoveWhiteSpace]
[Pass 7 time: 0.006 sec     pincode]
[Pass 8 time: 0.015 sec     RemoveSpecialChars]
[Pass 9 time: 0.009 sec     PrecedingWords]
[Pass 10 time: 0.012 sec     removelines]
[Pass 11 time: 0.007 sec     Grouping]
[Pass 12 time: 0.011 sec     information1]
[Pass 13 time: 0.008 sec     information2]
[Pass 14 time: 0.007 sec     information3]
[Pass 15 time: 0.01 sec     countryname]
[Pass 16 time: 0.015 sec     kbmake]
[Pass 17 time: 0.015 sec     kbdisp01]
[Pass 18 time: 0.005 sec     output]
[Input file: e:\Parse_Address\Address_parser\address_parser\input\text4.txt]
[Total passes: 18]
[Total time: 0.157 sec]
[Time per 1000 chars (0.157/1459): 0.107608 sec]
[Time per pass per 1000 chars: 0.00597822]
infile  passes tottime length tot/1000 tot/pass/1000
e:\Parse_Address\Address_parser\address_parser\input\text4.txt	18	0.157	1459	0.107608	0.00597822
[Clean time: 0.001 sec]
