[Pass 1 time: 0.01 sec     dicttok]
[Pass 2 time: 0 sec     KBFuncs]
[Pass 3 time: 0 sec     funcs]
[Pass 4 time: 0.008 sec     Lines]
[Pass 5 time: 0.012 sec     RemoveWhiteSpace]
[Pass 6 time: 0.009 sec     pincode]
[Pass 7 time: 0.007 sec     RemoveSpecialChars]
[Pass 8 time: 0.007 sec     PrecedingWords]
[Pass 9 time: 0.007 sec     removelines]
[Pass 10 time: 0.007 sec     Grouping]
[Pass 11 time: 0.008 sec     information]
[Pass 12 time: 0.008 sec     information2]
[Input file: e:\Parse_Address\Address_parser\input\text2.txt]
[Total passes: 12]
[Total time: 0.083 sec]
[Time per 1000 chars (0.083/1844): 0.0450108 sec]
[Time per pass per 1000 chars: 0.0037509]
infile  passes tottime length tot/1000 tot/pass/1000
e:\Parse_Address\Address_parser\input\text2.txt	12	0.083	1844	0.0450108	0.0037509
[Clean time: 0.001 sec]
