[Pass 1 time: 0.012 sec     dicttok]
[Pass 2 time: 0.001 sec     KBFuncs]
[Pass 3 time: 0.001 sec     funcs]
[Pass 4 time: 0.009 sec     Lines]
[Pass 5 time: 0.011 sec     RemoveWhiteSpace]
[Pass 6 time: 0.009 sec     pincode]
[Pass 7 time: 0.008 sec     RemoveSpecialChars]
[Pass 8 time: 0.009 sec     PrecedingWords]
[Pass 9 time: 0.032 sec     removelines]
[Pass 10 time: 0.033 sec     Grouping]
[Pass 11 time: 0.008 sec     information]
[Pass 12 time: 0.008 sec     information2]
[Input file: e:\Parse_Address\Address_parser\input\text3.txt]
[Total passes: 12]
[Total time: 0.142 sec]
[Time per 1000 chars (0.142/1964): 0.0723014 sec]
[Time per pass per 1000 chars: 0.00602512]
infile  passes tottime length tot/1000 tot/pass/1000
e:\Parse_Address\Address_parser\input\text3.txt	12	0.142	1964	0.0723014	0.00602512
[Clean time: 0.001 sec]
